[debug] ----------------------------------------------------------------------
[debug] Command:      /usr/local/bin/node /usr/local/bin/firebase serve
[debug] CLI Version:  3.0.4
[debug] Platform:     darwin
[debug] Node Version: v4.4.2

[debug] ----------------------------------------------------------------------
[debug] 
[info] Starting Firebase development server...
[info] 
[info] Project Directory: /Users/aayushchadha/Desktop/WT2.0
[info] Public Directory: app
[info] 
[info] Server listening at: http://localhost:5000
[debug] ----------------------------------------------------------------------
[debug] Command:      C:\Program Files\nodejs\node.exe C:\Users\Kunal\AppData\Roaming\npm\node_modules\firebase-tools\bin\firebase serve
[debug] CLI Version:  3.0.4
[debug] Platform:     win32
[debug] Node Version: v6.3.1
[debug] Time:         Thu Aug 25 2016 13:26:47 GMT+0530 (India Standard Time)
[debug] ----------------------------------------------------------------------
[debug] 
[info] Starting Firebase development server...
[info] 
[info] Project Directory: c:\Users\Kunal\Documents\GitHub\WT2.0
[info] Public Directory: app
[info] 
[info] Server listening at: http://localhost:5000
[debug] ----------------------------------------------------------------------
[debug] Command:      /usr/local/bin/node /usr/local/bin/firebase serve
[debug] CLI Version:  3.0.7
[debug] Platform:     darwin
[debug] Node Version: v4.4.7
[debug] Time:         Sat Oct 01 2016 23:32:15 GMT+0530 (IST)
[debug] ----------------------------------------------------------------------
[debug] 
[info] Starting Firebase development server...
[info] 
[info] Project Directory: /Users/Kumansh/Documents/Programming/Projects/#3 WorkTeen/WT2.0
[info] Public Directory: app
[info] 
[info] Server listening at: http://localhost:5000
